0 info it worked if it ends with ok
1 verbose cli [ '/Users/Plankton/.nvm/versions/node/v5.7.0/bin/node',
1 verbose cli   '/Users/Plankton/.nvm/versions/node/v5.7.0/bin/npm',
1 verbose cli   'start' ]
2 info using npm@3.6.0
3 info using node@v5.7.0
4 verbose run-script [ 'prestart', 'start', 'poststart' ]
5 info lifecycle leaderboard-app@0.0.0~prestart: leaderboard-app@0.0.0
6 silly lifecycle leaderboard-app@0.0.0~prestart: no script for prestart, continuing
7 info lifecycle leaderboard-app@0.0.0~start: leaderboard-app@0.0.0
8 verbose lifecycle leaderboard-app@0.0.0~start: unsafe-perm in lifecycle true
9 verbose lifecycle leaderboard-app@0.0.0~start: PATH: /Users/Plankton/.nvm/versions/node/v5.7.0/lib/node_modules/npm/bin/node-gyp-bin:/Users/Plankton/projects/emergenHENcy-leaderboard/leaderboard-app/node_modules/.bin:/Users/Plankton/.nvm/versions/node/v5.7.0/bin:/usr/local/bin:/usr/bin:/bin:/usr/sbin:/sbin:/opt/X11/bin:/Applications/Postgres.app/Contents/Versions/9.4/bin
10 verbose lifecycle leaderboard-app@0.0.0~start: CWD: /Users/Plankton/projects/emergenHENcy-leaderboard/leaderboard-app
11 silly lifecycle leaderboard-app@0.0.0~start: Args: [ '-c', 'supervisor ./bin/www' ]
12 silly lifecycle leaderboard-app@0.0.0~start: Returned: code: 1  signal: null
13 info lifecycle leaderboard-app@0.0.0~start: Failed to exec start script
14 verbose stack Error: leaderboard-app@0.0.0 start: `supervisor ./bin/www`
14 verbose stack Exit status 1
14 verbose stack     at EventEmitter.<anonymous> (/Users/Plankton/.nvm/versions/node/v5.7.0/lib/node_modules/npm/lib/utils/lifecycle.js:232:16)
14 verbose stack     at emitTwo (events.js:100:13)
14 verbose stack     at EventEmitter.emit (events.js:185:7)
14 verbose stack     at ChildProcess.<anonymous> (/Users/Plankton/.nvm/versions/node/v5.7.0/lib/node_modules/npm/lib/utils/spawn.js:24:14)
14 verbose stack     at emitTwo (events.js:100:13)
14 verbose stack     at ChildProcess.emit (events.js:185:7)
14 verbose stack     at maybeClose (internal/child_process.js:827:16)
14 verbose stack     at Process.ChildProcess._handle.onexit (internal/child_process.js:211:5)
15 verbose pkgid leaderboard-app@0.0.0
16 verbose cwd /Users/Plankton/projects/emergenHENcy-leaderboard/leaderboard-app
17 error Darwin 15.2.0
18 error argv "/Users/Plankton/.nvm/versions/node/v5.7.0/bin/node" "/Users/Plankton/.nvm/versions/node/v5.7.0/bin/npm" "start"
19 error node v5.7.0
20 error npm  v3.6.0
21 error code ELIFECYCLE
22 error leaderboard-app@0.0.0 start: `supervisor ./bin/www`
22 error Exit status 1
23 error Failed at the leaderboard-app@0.0.0 start script 'supervisor ./bin/www'.
23 error Make sure you have the latest version of node.js and npm installed.
23 error If you do, this is most likely a problem with the leaderboard-app package,
23 error not with npm itself.
23 error Tell the author that this fails on your system:
23 error     supervisor ./bin/www
23 error You can get information on how to open an issue for this project with:
23 error     npm bugs leaderboard-app
23 error Or if that isn't available, you can get their info via:
23 error     npm owner ls leaderboard-app
23 error There is likely additional logging output above.
24 verbose exit [ 1, true ]
